Build started 6/06/2016 10:40:45 p.m..
     1>Project "C:\Users\user\Documents\GitHub\comp308sheepSim\build\src\a3.vcxproj" on node 2 (Build target(s)).
     1>ClCompile:
         C:\Program Files (x86)\Microsoft Visual Studio 14.0\VC\bin\CL.exe /c /IC:\Users\user\Documents\GitHub\comp308sheepSim\work\ext\glfw\include /I"C:\Users\user\Documents\GitHub\comp308sheepSim\work\ext\glew-1.10.0\include" /IC:\Users\user\Documents\GitHub\comp308sheepSim\work\ext\stb /Zi /nologo /W4 /WX- /Od /Ob0 /Oy- /D WIN32 /D _WINDOWS /D _DEBUG /D GLEW_STATIC /D "CMAKE_INTDIR=\"Debug\"" /D _MBCS /Gm- /EHsc /RTC1 /MDd /GS /fp:precise /Zc:wchar_t /Zc:forScope /Zc:inline /GR /Fo"a3.dir\Debug\\" /Fd"a3.dir\Debug\vc140.pdb" /Gd /TP /wd4800 /analyze- /errorReport:prompt C:\Users\user\Documents\GitHub\comp308sheepSim\work\src\main.cpp C:\Users\user\Documents\GitHub\comp308sheepSim\work\src\terrain.cpp
         main.cpp
     1>c:\users\user\documents\github\comp308sheepsim\work\src\cgra_geometry.hpp(22): warning C4244: 'initializing': conversion from 'double' to 'float', possible loss of data
     1>c:\users\user\documents\github\comp308sheepsim\work\src\cgra_geometry.hpp(32): warning C4244: 'initializing': conversion from 'double' to 'float', possible loss of data
     1>c:\users\user\documents\github\comp308sheepsim\work\src\cgra_geometry.hpp(86): warning C4244: 'initializing': conversion from 'double' to 'float', possible loss of data
     1>c:\users\user\documents\github\comp308sheepsim\work\src\cgra_geometry.hpp(97): warning C4244: 'initializing': conversion from 'double' to 'float', possible loss of data
     1>C:\Users\user\Documents\GitHub\comp308sheepSim\work\src\main.cpp(43): warning C4305: 'initializing': truncation from 'double' to 'float'
     1>C:\Users\user\Documents\GitHub\comp308sheepSim\work\src\main.cpp(83): warning C4244: '-=': conversion from 'double' to 'float', possible loss of data
     1>C:\Users\user\Documents\GitHub\comp308sheepSim\work\src\main.cpp(84): warning C4244: '-=': conversion from 'double' to 'float', possible loss of data
     1>C:\Users\user\Documents\GitHub\comp308sheepSim\work\src\main.cpp(86): warning C4244: 'argument': conversion from 'double' to 'float', possible loss of data
     1>C:\Users\user\Documents\GitHub\comp308sheepSim\work\src\main.cpp(80): warning C4100: 'win': unreferenced formal parameter
     1>C:\Users\user\Documents\GitHub\comp308sheepSim\work\src\main.cpp(93): warning C4100: 'mods': unreferenced formal parameter
     1>C:\Users\user\Documents\GitHub\comp308sheepSim\work\src\main.cpp(93): warning C4100: 'action': unreferenced formal parameter
     1>C:\Users\user\Documents\GitHub\comp308sheepSim\work\src\main.cpp(93): warning C4100: 'win': unreferenced formal parameter
     1>C:\Users\user\Documents\GitHub\comp308sheepSim\work\src\main.cpp(113): warning C4244: '-=': conversion from 'double' to 'float', possible loss of data
     1>C:\Users\user\Documents\GitHub\comp308sheepSim\work\src\main.cpp(111): warning C4100: 'xoffset': unreferenced formal parameter
     1>C:\Users\user\Documents\GitHub\comp308sheepSim\work\src\main.cpp(111): warning C4100: 'win': unreferenced formal parameter
     1>C:\Users\user\Documents\GitHub\comp308sheepSim\work\src\main.cpp(120): warning C4100: 'mods': unreferenced formal parameter
     1>C:\Users\user\Documents\GitHub\comp308sheepSim\work\src\main.cpp(120): warning C4100: 'scancode': unreferenced formal parameter
     1>C:\Users\user\Documents\GitHub\comp308sheepSim\work\src\main.cpp(120): warning C4100: 'win': unreferenced formal parameter
     1>C:\Users\user\Documents\GitHub\comp308sheepSim\work\src\main.cpp(164): warning C4100: 'c': unreferenced formal parameter
     1>C:\Users\user\Documents\GitHub\comp308sheepSim\work\src\main.cpp(164): warning C4100: 'win': unreferenced formal parameter
     1>C:\Users\user\Documents\GitHub\comp308sheepSim\work\src\main.cpp(183): warning C4838: conversion from 'double' to 'float' requires a narrowing conversion
     1>C:\Users\user\Documents\GitHub\comp308sheepSim\work\src\main.cpp(183): warning C4305: 'initializing': truncation from 'double' to 'float'
     1>C:\Users\user\Documents\GitHub\comp308sheepSim\work\src\main.cpp(195): warning C4838: conversion from 'double' to 'float' requires a narrowing conversion
     1>C:\Users\user\Documents\GitHub\comp308sheepSim\work\src\main.cpp(195): warning C4305: 'initializing': truncation from 'double' to 'float'
     1>C:\Users\user\Documents\GitHub\comp308sheepSim\work\src\main.cpp(330): warning C4838: conversion from 'double' to 'GLfloat' requires a narrowing conversion
     1>C:\Users\user\Documents\GitHub\comp308sheepSim\work\src\main.cpp(330): warning C4305: 'initializing': truncation from 'double' to 'GLfloat'
     1>C:\Users\user\Documents\GitHub\comp308sheepSim\work\src\main.cpp(337): warning C4838: conversion from 'double' to 'GLfloat' requires a narrowing conversion
     1>C:\Users\user\Documents\GitHub\comp308sheepSim\work\src\main.cpp(337): warning C4305: 'initializing': truncation from 'double' to 'GLfloat'
     1>C:\Users\user\Documents\GitHub\comp308sheepSim\work\src\main.cpp(372): warning C4100: 'argv': unreferenced formal parameter
     1>C:\Users\user\Documents\GitHub\comp308sheepSim\work\src\main.cpp(372): warning C4100: 'argc': unreferenced formal parameter
         terrain.cpp
     1>c:\users\user\documents\github\comp308sheepsim\work\src\cgra_geometry.hpp(22): warning C4244: 'initializing': conversion from 'double' to 'float', possible loss of data
     1>c:\users\user\documents\github\comp308sheepsim\work\src\cgra_geometry.hpp(32): warning C4244: 'initializing': conversion from 'double' to 'float', possible loss of data
     1>c:\users\user\documents\github\comp308sheepsim\work\src\cgra_geometry.hpp(86): warning C4244: 'initializing': conversion from 'double' to 'float', possible loss of data
     1>c:\users\user\documents\github\comp308sheepsim\work\src\cgra_geometry.hpp(97): warning C4244: 'initializing': conversion from 'double' to 'float', possible loss of data
     1>C:\Users\user\Documents\GitHub\comp308sheepSim\work\src\terrain.cpp(311): warning C4100: 't': unreferenced formal parameter
     1>C:\Users\user\Documents\GitHub\comp308sheepSim\work\src\terrain.cpp(315): warning C4100: 't': unreferenced formal parameter
     1>C:\Users\user\Documents\GitHub\comp308sheepSim\work\src\terrain.cpp(321): warning C4100: 'out': unreferenced formal parameter
     1>C:\Users\user\Documents\GitHub\comp308sheepSim\work\src\terrain.cpp(321): warning C4100: 't': unreferenced formal parameter
     1>C:\Users\user\Documents\GitHub\comp308sheepSim\work\src\terrain.cpp(321): warning C4100: 'height': unreferenced formal parameter
     1>C:\Users\user\Documents\GitHub\comp308sheepSim\work\src\terrain.cpp(321): warning C4100: 'width': unreferenced formal parameter
     1>C:\Users\user\Documents\GitHub\comp308sheepSim\work\src\terrain.cpp(325): warning C4100: 'out': unreferenced formal parameter
     1>C:\Users\user\Documents\GitHub\comp308sheepSim\work\src\terrain.cpp(326): warning C4101: 'ntri': unreferenced local variable
     1>C:\Users\user\Documents\GitHub\comp308sheepSim\work\src\terrain.cpp(326): warning C4101: 'i': unreferenced local variable
     1>C:\Users\user\Documents\GitHub\comp308sheepSim\work\src\terrain.cpp(383): warning C4244: '=': conversion from 'double' to 'float', possible loss of data
     1>C:\Users\user\Documents\GitHub\comp308sheepSim\work\src\terrain.cpp(384): warning C4244: '=': conversion from 'double' to 'float', possible loss of data
     1>C:\Users\user\Documents\GitHub\comp308sheepSim\work\src\terrain.cpp(385): warning C4244: '=': conversion from 'double' to 'float', possible loss of data
         Generating Code...
       Link:
         C:\Program Files (x86)\Microsoft Visual Studio 14.0\VC\bin\link.exe /ERRORREPORT:PROMPT /OUT:"C:\Users\user\Documents\GitHub\comp308sheepSim\build\bin\Debug\a3.exe" /INCREMENTAL /NOLOGO kernel32.lib user32.lib gdi32.lib winspool.lib shell32.lib ole32.lib oleaut32.lib uuid.lib comdlg32.lib advapi32.lib ..\bin\Debug\glew.lib ..\bin\Debug\glfw3.lib opengl32.lib ..\bin\Debug\stb.lib glu32.lib opengl32.lib kernel32.lib /MANIFEST /MANIFESTUAC:"level='asInvoker' uiAccess='false'" /manifest:embed /DEBUG /PDB:"C:/Users/user/Documents/GitHub/comp308sheepSim/build/bin/Debug/a3.pdb" /SUBSYSTEM:CONSOLE /TLBID:1 /DYNAMICBASE /NXCOMPAT /IMPLIB:"C:/Users/user/Documents/GitHub/comp308sheepSim/build/bin/Debug/a3.lib" /MACHINE:X86 /SAFESEH  /machine:X86 a3.dir\Debug\main.obj
         a3.dir\Debug\terrain.obj
         a3.vcxproj -> C:\Users\user\Documents\GitHub\comp308sheepSim\build\bin\Debug\a3.exe
     1>Done Building Project "C:\Users\user\Documents\GitHub\comp308sheepSim\build\src\a3.vcxproj" (Build target(s)).

Build succeeded.

Time Elapsed 00:00:01.81
