Determining if the pthread_create exist failed with the following output:
Change Dir: /home/paisletimo/COMP308/comp308sheepSim/build/CMakeFiles/CMakeTmp

Run Build Command:"/usr/local/bin/gmake" "cmTC_66654/fast"
/usr/local/bin/gmake -f CMakeFiles/cmTC_66654.dir/build.make CMakeFiles/cmTC_66654.dir/build
gmake[1]: Entering directory '/am/courtenay/home1/paisletimo/COMP308/comp308sheepSim/build/CMakeFiles/CMakeTmp'
Building C object CMakeFiles/cmTC_66654.dir/CheckSymbolExists.c.o
/bin/cc     -o CMakeFiles/cmTC_66654.dir/CheckSymbolExists.c.o   -c /home/paisletimo/COMP308/comp308sheepSim/build/CMakeFiles/CMakeTmp/CheckSymbolExists.c
Linking C executable cmTC_66654
/usr/pkg/bin/cmake -E cmake_link_script CMakeFiles/cmTC_66654.dir/link.txt --verbose=1
/bin/cc       CMakeFiles/cmTC_66654.dir/CheckSymbolExists.c.o  -o cmTC_66654 -rdynamic 
CMakeFiles/cmTC_66654.dir/CheckSymbolExists.c.o: In function `main':
CheckSymbolExists.c:(.text+0x16): undefined reference to `pthread_create'
collect2: error: ld returned 1 exit status
CMakeFiles/cmTC_66654.dir/build.make:97: recipe for target 'cmTC_66654' failed
gmake[1]: *** [cmTC_66654] Error 1
gmake[1]: Leaving directory '/am/courtenay/home1/paisletimo/COMP308/comp308sheepSim/build/CMakeFiles/CMakeTmp'
Makefile:126: recipe for target 'cmTC_66654/fast' failed
gmake: *** [cmTC_66654/fast] Error 2

File /home/paisletimo/COMP308/comp308sheepSim/build/CMakeFiles/CMakeTmp/CheckSymbolExists.c:
/* */
#include <pthread.h>

int main(int argc, char** argv)
{
  (void)argv;
#ifndef pthread_create
  return ((int*)(&pthread_create))[argc];
#else
  (void)argc;
  return 0;
#endif
}

Determining if the function pthread_create exists in the pthreads failed with the following output:
Change Dir: /home/paisletimo/COMP308/comp308sheepSim/build/CMakeFiles/CMakeTmp

Run Build Command:"/usr/local/bin/gmake" "cmTC_200a6/fast"
/usr/local/bin/gmake -f CMakeFiles/cmTC_200a6.dir/build.make CMakeFiles/cmTC_200a6.dir/build
gmake[1]: Entering directory '/am/courtenay/home1/paisletimo/COMP308/comp308sheepSim/build/CMakeFiles/CMakeTmp'
Building C object CMakeFiles/cmTC_200a6.dir/CheckFunctionExists.c.o
/bin/cc    -DCHECK_FUNCTION_EXISTS=pthread_create   -o CMakeFiles/cmTC_200a6.dir/CheckFunctionExists.c.o   -c /usr/pkg/share/cmake-3.4/Modules/CheckFunctionExists.c
Linking C executable cmTC_200a6
/usr/pkg/bin/cmake -E cmake_link_script CMakeFiles/cmTC_200a6.dir/link.txt --verbose=1
/bin/cc   -DCHECK_FUNCTION_EXISTS=pthread_create    CMakeFiles/cmTC_200a6.dir/CheckFunctionExists.c.o  -o cmTC_200a6 -rdynamic -lpthreads 
/bin/ld: cannot find -lpthreads
collect2: error: ld returned 1 exit status
CMakeFiles/cmTC_200a6.dir/build.make:97: recipe for target 'cmTC_200a6' failed
gmake[1]: *** [cmTC_200a6] Error 1
gmake[1]: Leaving directory '/am/courtenay/home1/paisletimo/COMP308/comp308sheepSim/build/CMakeFiles/CMakeTmp'
Makefile:126: recipe for target 'cmTC_200a6/fast' failed
gmake: *** [cmTC_200a6/fast] Error 2


Determining if the function glXGetProcAddressEXT exists failed with the following output:
Change Dir: /home/paisletimo/COMP308/comp308sheepSim/build/CMakeFiles/CMakeTmp

Run Build Command:"/usr/local/bin/gmake" "cmTC_b193e/fast"
/usr/local/bin/gmake -f CMakeFiles/cmTC_b193e.dir/build.make CMakeFiles/cmTC_b193e.dir/build
gmake[1]: Entering directory '/am/courtenay/home1/paisletimo/COMP308/comp308sheepSim/build/CMakeFiles/CMakeTmp'
Building C object CMakeFiles/cmTC_b193e.dir/CheckFunctionExists.c.o
/bin/cc    -DCHECK_FUNCTION_EXISTS=glXGetProcAddressEXT   -o CMakeFiles/cmTC_b193e.dir/CheckFunctionExists.c.o   -c /usr/pkg/share/cmake-3.4/Modules/CheckFunctionExists.c
Linking C executable cmTC_b193e
/usr/pkg/bin/cmake -E cmake_link_script CMakeFiles/cmTC_b193e.dir/link.txt --verbose=1
/bin/cc   -DCHECK_FUNCTION_EXISTS=glXGetProcAddressEXT    CMakeFiles/cmTC_b193e.dir/CheckFunctionExists.c.o  -o cmTC_b193e -rdynamic /lib64/libGL.so 
CMakeFiles/cmTC_b193e.dir/CheckFunctionExists.c.o: In function `main':
CheckFunctionExists.c:(.text+0x15): undefined reference to `glXGetProcAddressEXT'
collect2: error: ld returned 1 exit status
CMakeFiles/cmTC_b193e.dir/build.make:98: recipe for target 'cmTC_b193e' failed
gmake[1]: *** [cmTC_b193e] Error 1
gmake[1]: Leaving directory '/am/courtenay/home1/paisletimo/COMP308/comp308sheepSim/build/CMakeFiles/CMakeTmp'
Makefile:126: recipe for target 'cmTC_b193e/fast' failed
gmake: *** [cmTC_b193e/fast] Error 2


